2022-05-07 13:46:56,518 INFO PERFORMANCE:|0|0|-1|-1

2022-05-07 13:51:56,523 INFO PERFORMANCE:|0|0|-1|-1

2022-05-07 13:56:56,539 INFO PERFORMANCE:|1|1|-1|-1

2022-05-07 14:01:56,547 INFO PERFORMANCE:|1|1|-1|-1

2022-05-07 14:06:56,560 INFO PERFORMANCE:|1|1|-1|-1

2022-05-07 14:11:56,567 INFO PERFORMANCE:|1|1|-1|-1

2022-05-07 14:16:56,568 INFO PERFORMANCE:|1|1|-1|-1

2022-05-07 14:21:56,578 INFO PERFORMANCE:|1|1|-1|-1

2022-05-07 14:26:56,589 INFO PERFORMANCE:|1|1|-1|-1

2022-05-07 14:31:56,592 INFO PERFORMANCE:|1|1|-1|-1

2022-05-07 14:36:56,603 INFO PERFORMANCE:|1|1|-1|-1

2022-05-07 14:41:56,608 INFO PERFORMANCE:|1|1|-1|-1

2022-05-07 14:46:56,620 INFO PERFORMANCE:|1|1|-1|-1

2022-05-07 14:51:56,629 INFO PERFORMANCE:|1|1|-1|-1

2022-05-07 14:56:56,638 INFO PERFORMANCE:|1|1|-1|-1

2022-05-07 15:01:56,644 INFO PERFORMANCE:|0|0|-1|-1

2022-05-07 15:06:56,654 INFO PERFORMANCE:|0|0|-1|-1

2022-05-07 15:11:56,670 INFO PERFORMANCE:|2|2|8|5

2022-05-07 15:16:56,684 INFO PERFORMANCE:|4|4|-1|-1

2022-05-07 15:21:56,690 INFO PERFORMANCE:|4|4|-1|-1

2022-05-07 15:26:56,706 INFO PERFORMANCE:|4|3|8|6

2022-05-07 15:31:56,717 INFO PERFORMANCE:|4|4|-1|-1

2022-05-07 15:36:56,724 INFO PERFORMANCE:|4|4|-1|-1

2022-05-07 15:41:56,735 INFO PERFORMANCE:|4|4|5|5

2022-05-07 15:46:56,742 INFO PERFORMANCE:|4|4|-1|-1

2022-05-07 15:51:56,750 INFO PERFORMANCE:|4|4|-1|-1

2022-05-08 13:10:03,583 INFO PERFORMANCE:|0|0|-1|-1

2022-05-08 13:15:03,602 INFO PERFORMANCE:|4|4|-1|-1

2022-05-08 13:18:37,076 INFO PERFORMANCE:|4|4|-1|-1

2022-05-08 13:23:37,081 INFO PERFORMANCE:|4|4|-1|-1

2022-05-08 13:25:49,584 INFO PERFORMANCE:|4|4|-1|-1

2022-05-08 13:30:49,590 INFO PERFORMANCE:|4|4|-1|-1

2022-05-08 13:35:49,603 INFO PERFORMANCE:|3|3|-1|-1

2022-05-08 13:40:49,613 INFO PERFORMANCE:|2|2|-1|-1

2022-05-08 13:45:49,620 INFO PERFORMANCE:|4|4|-1|-1

2022-05-08 13:50:49,632 INFO PERFORMANCE:|4|4|-1|-1

2022-05-08 13:55:49,640 INFO PERFORMANCE:|4|4|-1|-1

2022-05-08 14:00:49,655 INFO PERFORMANCE:|4|3|-1|-1

2022-05-08 14:05:49,666 INFO PERFORMANCE:|4|3|-1|-1

2022-05-08 14:10:49,667 INFO PERFORMANCE:|4|4|-1|-1

2022-05-08 14:15:49,680 INFO PERFORMANCE:|4|4|-1|-1

2022-05-08 14:20:49,688 INFO PERFORMANCE:|4|4|-1|-1

2022-05-08 14:25:49,702 INFO PERFORMANCE:|4|4|-1|-1

2022-05-08 14:30:49,718 INFO PERFORMANCE:|4|4|-1|-1

2022-05-08 14:35:49,731 INFO PERFORMANCE:|4|4|-1|-1

2022-05-08 14:40:49,734 INFO PERFORMANCE:|4|4|-1|-1

2022-05-08 14:45:49,738 INFO PERFORMANCE:|4|4|-1|-1

2022-05-08 14:50:49,754 INFO PERFORMANCE:|4|4|-1|-1

2022-05-08 14:55:49,760 INFO PERFORMANCE:|4|4|-1|-1

2022-05-08 15:00:49,771 INFO PERFORMANCE:|4|4|-1|-1

2022-07-28 17:00:06,943 INFO PERFORMANCE:|0|0|-1|-1

2022-07-28 17:05:06,967 INFO PERFORMANCE:|0|0|-1|-1

2022-07-28 17:10:06,972 INFO PERFORMANCE:|0|0|-1|-1

2022-07-28 17:15:06,973 INFO PERFORMANCE:|0|0|-1|-1

2022-07-28 17:20:06,975 INFO PERFORMANCE:|1|1|-1|-1

2022-07-28 17:25:06,988 INFO PERFORMANCE:|1|1|-1|-1

2022-07-28 17:30:07,004 INFO PERFORMANCE:|1|1|-1|-1

2022-07-28 17:35:07,011 INFO PERFORMANCE:|2|2|-1|-1

